<?xml version="1.0" encoding="UTF-8"?>
<!-- Generated by org.testng.reporters.JUnitXMLReporter -->
<testsuite hostname="EXAIN-IT-L0108" ignored="0" name="Default test" tests="4" failures="0" timestamp="05 Dec 2018 10:24:36 GMT" time="322.859" errors="0">
  <testcase name="validateContactsLabel" time="0.048" classname="com.qa.testcases.ContactsPageTest"/>
  <testcase name="validateCreateNewContact" time="49.361" classname="com.qa.testcases.ContactsPageTest"/>
  <testcase name="validateCreateNewContact" time="46.913" classname="com.qa.testcases.ContactsPageTest"/>
  <testcase name="validateCreateNewContact" time="15.475" classname="com.qa.testcases.ContactsPageTest"/>
</testsuite> <!-- Default test -->
