<?xml version="1.0" encoding="UTF-8"?>
<testng-results skipped="0" failed="0" ignored="0" total="4" passed="4">
  <reporter-output>
  </reporter-output>
  <suite name="Default suite" duration-ms="322859" started-at="2018-12-05T10:19:13Z" finished-at="2018-12-05T10:24:36Z">
    <groups>
    </groups>
    <test name="Default test" duration-ms="322859" started-at="2018-12-05T10:19:13Z" finished-at="2018-12-05T10:24:36Z">
      <class name="com.qa.testcases.ContactsPageTest">
        <test-method status="PASS" signature="setUp()[pri:0, instance:com.qa.testcases.ContactsPageTest@f5ac9e4]" name="setUp" is-config="true" duration-ms="59244" started-at="2018-12-05T10:19:13Z" finished-at="2018-12-05T10:20:12Z">
          <reporter-output>
          </reporter-output>
        </test-method> <!-- setUp -->
        <test-method status="PASS" signature="validateContactsLabel()[pri:1, instance:com.qa.testcases.ContactsPageTest@f5ac9e4]" name="validateContactsLabel" duration-ms="48" started-at="2018-12-05T10:20:12Z" finished-at="2018-12-05T10:20:12Z">
          <reporter-output>
          </reporter-output>
        </test-method> <!-- validateContactsLabel -->
        <test-method status="PASS" signature="tearDown()[pri:0, instance:com.qa.testcases.ContactsPageTest@f5ac9e4]" name="tearDown" is-config="true" duration-ms="150" started-at="2018-12-05T10:20:12Z" finished-at="2018-12-05T10:20:12Z">
          <reporter-output>
          </reporter-output>
        </test-method> <!-- tearDown -->
        <test-method status="PASS" signature="setUp()[pri:0, instance:com.qa.testcases.ContactsPageTest@f5ac9e4]" name="setUp" is-config="true" duration-ms="58355" started-at="2018-12-05T10:20:13Z" finished-at="2018-12-05T10:21:11Z">
          <reporter-output>
          </reporter-output>
        </test-method> <!-- setUp -->
        <test-method status="PASS" signature="validateCreateNewContact(java.lang.String, java.lang.String, java.lang.String, java.lang.String)[pri:2, instance:com.qa.testcases.ContactsPageTest@f5ac9e4]" name="validateCreateNewContact" duration-ms="49361" started-at="2018-12-05T10:21:11Z" data-provider="getCRMTestData" finished-at="2018-12-05T10:22:01Z">
          <params>
            <param index="0">
              <value>
                <![CDATA[Mr.]]>
              </value>
            </param>
            <param index="1">
              <value>
                <![CDATA[Tom]]>
              </value>
            </param>
            <param index="2">
              <value>
                <![CDATA[Peter]]>
              </value>
            </param>
            <param index="3">
              <value>
                <![CDATA[Google]]>
              </value>
            </param>
          </params>
          <reporter-output>
          </reporter-output>
        </test-method> <!-- validateCreateNewContact -->
        <test-method status="PASS" signature="tearDown()[pri:0, instance:com.qa.testcases.ContactsPageTest@f5ac9e4]" name="tearDown" is-config="true" duration-ms="190" started-at="2018-12-05T10:22:01Z" finished-at="2018-12-05T10:22:01Z">
          <reporter-output>
          </reporter-output>
        </test-method> <!-- tearDown -->
        <test-method status="PASS" signature="setUp()[pri:0, instance:com.qa.testcases.ContactsPageTest@f5ac9e4]" name="setUp" is-config="true" duration-ms="35600" started-at="2018-12-05T10:22:01Z" finished-at="2018-12-05T10:22:36Z">
          <reporter-output>
          </reporter-output>
        </test-method> <!-- setUp -->
        <test-method status="PASS" signature="validateCreateNewContact(java.lang.String, java.lang.String, java.lang.String, java.lang.String)[pri:2, instance:com.qa.testcases.ContactsPageTest@f5ac9e4]" name="validateCreateNewContact" duration-ms="46913" started-at="2018-12-05T10:22:36Z" data-provider="getCRMTestData" finished-at="2018-12-05T10:23:23Z">
          <params>
            <param index="0">
              <value>
                <![CDATA[Dr.]]>
              </value>
            </param>
            <param index="1">
              <value>
                <![CDATA[David]]>
              </value>
            </param>
            <param index="2">
              <value>
                <![CDATA[Cris]]>
              </value>
            </param>
            <param index="3">
              <value>
                <![CDATA[Amazon]]>
              </value>
            </param>
          </params>
          <reporter-output>
          </reporter-output>
        </test-method> <!-- validateCreateNewContact -->
        <test-method status="PASS" signature="tearDown()[pri:0, instance:com.qa.testcases.ContactsPageTest@f5ac9e4]" name="tearDown" is-config="true" duration-ms="154" started-at="2018-12-05T10:23:23Z" finished-at="2018-12-05T10:23:23Z">
          <reporter-output>
          </reporter-output>
        </test-method> <!-- tearDown -->
        <test-method status="PASS" signature="setUp()[pri:0, instance:com.qa.testcases.ContactsPageTest@f5ac9e4]" name="setUp" is-config="true" duration-ms="56393" started-at="2018-12-05T10:23:23Z" finished-at="2018-12-05T10:24:20Z">
          <reporter-output>
          </reporter-output>
        </test-method> <!-- setUp -->
        <test-method status="PASS" signature="validateCreateNewContact(java.lang.String, java.lang.String, java.lang.String, java.lang.String)[pri:2, instance:com.qa.testcases.ContactsPageTest@f5ac9e4]" name="validateCreateNewContact" duration-ms="15475" started-at="2018-12-05T10:24:20Z" data-provider="getCRMTestData" finished-at="2018-12-05T10:24:35Z">
          <params>
            <param index="0">
              <value>
                <![CDATA[Mrs.]]>
              </value>
            </param>
            <param index="1">
              <value>
                <![CDATA[Mukta]]>
              </value>
            </param>
            <param index="2">
              <value>
                <![CDATA[Sharma]]>
              </value>
            </param>
            <param index="3">
              <value>
                <![CDATA[Ebay]]>
              </value>
            </param>
          </params>
          <reporter-output>
          </reporter-output>
        </test-method> <!-- validateCreateNewContact -->
        <test-method status="PASS" signature="tearDown()[pri:0, instance:com.qa.testcases.ContactsPageTest@f5ac9e4]" name="tearDown" is-config="true" duration-ms="220" started-at="2018-12-05T10:24:35Z" finished-at="2018-12-05T10:24:36Z">
          <reporter-output>
          </reporter-output>
        </test-method> <!-- tearDown -->
      </class> <!-- com.qa.testcases.ContactsPageTest -->
    </test> <!-- Default test -->
  </suite> <!-- Default suite -->
</testng-results>
